Error [ERR_HTTP_HEADERS_SENT]: Cannot set headers after they are sent to the client
    at new NodeError (node:internal/errors:387:5)
    at ServerResponse.setHeader (node:_http_outgoing:603:11)
    at ServerResponse.header (C:\Users\vidal\Downloads\sistema_gerenciamento_de_frotas\node_modules\express\lib\response.js:794:10)
    at ServerResponse.send (C:\Users\vidal\Downloads\sistema_gerenciamento_de_frotas\node_modules\express\lib\response.js:174:12)
    at done (C:\Users\vidal\Downloads\sistema_gerenciamento_de_frotas\node_modules\express\lib\response.js:1035:10)
    at ExpressHandlebars.<anonymous> (C:\Users\vidal\Downloads\sistema_gerenciamento_de_frotas\node_modules\express-handlebars\dist\express-handlebars.js:301:25)
    at step (C:\Users\vidal\Downloads\sistema_gerenciamento_de_frotas\node_modules\express-handlebars\dist\express-handlebars.js:49:23)
    at Object.next (C:\Users\vidal\Downloads\sistema_gerenciamento_de_frotas\node_modules\express-handlebars\dist\express-handlebars.js:30:53)
    at fulfilled (C:\Users\vidal\Downloads\sistema_gerenciamento_de_frotas\node_modules\express-handlebars\dist\express-handlebars.js:21:58)
Error: EPERM: operation not permitted, rename 'C:\Windows\TEMP\sessions\2bM_DVbPuAxfDwTqL1ZrI5fBvpxo1A6K.json.139105476' -> 'C:\Windows\TEMP\sessions\2bM_DVbPuAxfDwTqL1ZrI5fBvpxo1A6K.json'
Error: EPERM: operation not permitted, rename 'C:\Windows\TEMP\sessions\4hvbLbw-58VBRLujib5u5frVlw71wuTz.json.4283782372' -> 'C:\Windows\TEMP\sessions\4hvbLbw-58VBRLujib5u5frVlw71wuTz.json'
Error [ERR_HTTP_HEADERS_SENT]: Cannot set headers after they are sent to the client
    at new NodeError (node:internal/errors:387:5)
    at ServerResponse.setHeader (node:_http_outgoing:603:11)
    at ServerResponse.header (C:\Users\vidal\Downloads\sistema_gerenciamento_de_frotas\node_modules\express\lib\response.js:794:10)
    at ServerResponse.send (C:\Users\vidal\Downloads\sistema_gerenciamento_de_frotas\node_modules\express\lib\response.js:174:12)
    at done (C:\Users\vidal\Downloads\sistema_gerenciamento_de_frotas\node_modules\express\lib\response.js:1035:10)
    at ExpressHandlebars.<anonymous> (C:\Users\vidal\Downloads\sistema_gerenciamento_de_frotas\node_modules\express-handlebars\dist\express-handlebars.js:301:25)
    at step (C:\Users\vidal\Downloads\sistema_gerenciamento_de_frotas\node_modules\express-handlebars\dist\express-handlebars.js:49:23)
    at Object.next (C:\Users\vidal\Downloads\sistema_gerenciamento_de_frotas\node_modules\express-handlebars\dist\express-handlebars.js:30:53)
    at fulfilled (C:\Users\vidal\Downloads\sistema_gerenciamento_de_frotas\node_modules\express-handlebars\dist\express-handlebars.js:21:58)
Error [ERR_HTTP_HEADERS_SENT]: Cannot set headers after they are sent to the client
    at new NodeError (node:internal/errors:387:5)
    at ServerResponse.setHeader (node:_http_outgoing:603:11)
    at ServerResponse.header (C:\Users\vidal\Downloads\sistema_gerenciamento_de_frotas\node_modules\express\lib\response.js:794:10)
    at ServerResponse.send (C:\Users\vidal\Downloads\sistema_gerenciamento_de_frotas\node_modules\express\lib\response.js:174:12)
    at done (C:\Users\vidal\Downloads\sistema_gerenciamento_de_frotas\node_modules\express\lib\response.js:1035:10)
    at ExpressHandlebars.<anonymous> (C:\Users\vidal\Downloads\sistema_gerenciamento_de_frotas\node_modules\express-handlebars\dist\express-handlebars.js:301:25)
    at step (C:\Users\vidal\Downloads\sistema_gerenciamento_de_frotas\node_modules\express-handlebars\dist\express-handlebars.js:49:23)
    at Object.next (C:\Users\vidal\Downloads\sistema_gerenciamento_de_frotas\node_modules\express-handlebars\dist\express-handlebars.js:30:53)
    at fulfilled (C:\Users\vidal\Downloads\sistema_gerenciamento_de_frotas\node_modules\express-handlebars\dist\express-handlebars.js:21:58)
Error [ERR_HTTP_HEADERS_SENT]: Cannot set headers after they are sent to the client
    at new NodeError (node:internal/errors:387:5)
    at ServerResponse.setHeader (node:_http_outgoing:603:11)
    at ServerResponse.header (C:\Users\vidal\Downloads\sistema_gerenciamento_de_frotas\node_modules\express\lib\response.js:794:10)
    at ServerResponse.send (C:\Users\vidal\Downloads\sistema_gerenciamento_de_frotas\node_modules\express\lib\response.js:174:12)
    at done (C:\Users\vidal\Downloads\sistema_gerenciamento_de_frotas\node_modules\express\lib\response.js:1035:10)
    at ExpressHandlebars.<anonymous> (C:\Users\vidal\Downloads\sistema_gerenciamento_de_frotas\node_modules\express-handlebars\dist\express-handlebars.js:301:25)
    at step (C:\Users\vidal\Downloads\sistema_gerenciamento_de_frotas\node_modules\express-handlebars\dist\express-handlebars.js:49:23)
    at Object.next (C:\Users\vidal\Downloads\sistema_gerenciamento_de_frotas\node_modules\express-handlebars\dist\express-handlebars.js:30:53)
    at fulfilled (C:\Users\vidal\Downloads\sistema_gerenciamento_de_frotas\node_modules\express-handlebars\dist\express-handlebars.js:21:58)
Error [ERR_HTTP_HEADERS_SENT]: Cannot set headers after they are sent to the client
    at new NodeError (node:internal/errors:387:5)
    at ServerResponse.setHeader (node:_http_outgoing:603:11)
    at ServerResponse.header (C:\Users\vidal\Downloads\sistema_gerenciamento_de_frotas\node_modules\express\lib\response.js:794:10)
    at ServerResponse.send (C:\Users\vidal\Downloads\sistema_gerenciamento_de_frotas\node_modules\express\lib\response.js:174:12)
    at done (C:\Users\vidal\Downloads\sistema_gerenciamento_de_frotas\node_modules\express\lib\response.js:1035:10)
    at ExpressHandlebars.<anonymous> (C:\Users\vidal\Downloads\sistema_gerenciamento_de_frotas\node_modules\express-handlebars\dist\express-handlebars.js:301:25)
    at step (C:\Users\vidal\Downloads\sistema_gerenciamento_de_frotas\node_modules\express-handlebars\dist\express-handlebars.js:49:23)
    at Object.next (C:\Users\vidal\Downloads\sistema_gerenciamento_de_frotas\node_modules\express-handlebars\dist\express-handlebars.js:30:53)
    at fulfilled (C:\Users\vidal\Downloads\sistema_gerenciamento_de_frotas\node_modules\express-handlebars\dist\express-handlebars.js:21:58)
Error [ERR_HTTP_HEADERS_SENT]: Cannot set headers after they are sent to the client
    at new NodeError (node:internal/errors:387:5)
    at ServerResponse.setHeader (node:_http_outgoing:603:11)
    at ServerResponse.header (C:\Users\vidal\Downloads\sistema_gerenciamento_de_frotas\node_modules\express\lib\response.js:794:10)
    at ServerResponse.send (C:\Users\vidal\Downloads\sistema_gerenciamento_de_frotas\node_modules\express\lib\response.js:174:12)
    at done (C:\Users\vidal\Downloads\sistema_gerenciamento_de_frotas\node_modules\express\lib\response.js:1035:10)
    at ExpressHandlebars.<anonymous> (C:\Users\vidal\Downloads\sistema_gerenciamento_de_frotas\node_modules\express-handlebars\dist\express-handlebars.js:301:25)
    at step (C:\Users\vidal\Downloads\sistema_gerenciamento_de_frotas\node_modules\express-handlebars\dist\express-handlebars.js:49:23)
    at Object.next (C:\Users\vidal\Downloads\sistema_gerenciamento_de_frotas\node_modules\express-handlebars\dist\express-handlebars.js:30:53)
    at fulfilled (C:\Users\vidal\Downloads\sistema_gerenciamento_de_frotas\node_modules\express-handlebars\dist\express-handlebars.js:21:58)
Error [ERR_HTTP_HEADERS_SENT]: Cannot set headers after they are sent to the client
    at new NodeError (node:internal/errors:387:5)
    at ServerResponse.setHeader (node:_http_outgoing:603:11)
    at ServerResponse.header (C:\Users\vidal\Downloads\sistema_gerenciamento_de_frotas\node_modules\express\lib\response.js:794:10)
    at ServerResponse.send (C:\Users\vidal\Downloads\sistema_gerenciamento_de_frotas\node_modules\express\lib\response.js:174:12)
    at done (C:\Users\vidal\Downloads\sistema_gerenciamento_de_frotas\node_modules\express\lib\response.js:1035:10)
    at ExpressHandlebars.<anonymous> (C:\Users\vidal\Downloads\sistema_gerenciamento_de_frotas\node_modules\express-handlebars\dist\express-handlebars.js:301:25)
    at step (C:\Users\vidal\Downloads\sistema_gerenciamento_de_frotas\node_modules\express-handlebars\dist\express-handlebars.js:49:23)
    at Object.next (C:\Users\vidal\Downloads\sistema_gerenciamento_de_frotas\node_modules\express-handlebars\dist\express-handlebars.js:30:53)
    at fulfilled (C:\Users\vidal\Downloads\sistema_gerenciamento_de_frotas\node_modules\express-handlebars\dist\express-handlebars.js:21:58)
Error [ERR_HTTP_HEADERS_SENT]: Cannot set headers after they are sent to the client
    at new NodeError (node:internal/errors:387:5)
    at ServerResponse.setHeader (node:_http_outgoing:603:11)
    at ServerResponse.header (C:\Users\vidal\Downloads\sistema_gerenciamento_de_frotas\node_modules\express\lib\response.js:794:10)
    at ServerResponse.send (C:\Users\vidal\Downloads\sistema_gerenciamento_de_frotas\node_modules\express\lib\response.js:174:12)
    at done (C:\Users\vidal\Downloads\sistema_gerenciamento_de_frotas\node_modules\express\lib\response.js:1035:10)
    at ExpressHandlebars.<anonymous> (C:\Users\vidal\Downloads\sistema_gerenciamento_de_frotas\node_modules\express-handlebars\dist\express-handlebars.js:301:25)
    at step (C:\Users\vidal\Downloads\sistema_gerenciamento_de_frotas\node_modules\express-handlebars\dist\express-handlebars.js:49:23)
    at Object.next (C:\Users\vidal\Downloads\sistema_gerenciamento_de_frotas\node_modules\express-handlebars\dist\express-handlebars.js:30:53)
    at fulfilled (C:\Users\vidal\Downloads\sistema_gerenciamento_de_frotas\node_modules\express-handlebars\dist\express-handlebars.js:21:58)
Error [ERR_HTTP_HEADERS_SENT]: Cannot set headers after they are sent to the client
    at new NodeError (node:internal/errors:387:5)
    at ServerResponse.setHeader (node:_http_outgoing:603:11)
    at ServerResponse.header (C:\Users\vidal\Downloads\sistema_gerenciamento_de_frotas\node_modules\express\lib\response.js:794:10)
    at ServerResponse.send (C:\Users\vidal\Downloads\sistema_gerenciamento_de_frotas\node_modules\express\lib\response.js:174:12)
    at done (C:\Users\vidal\Downloads\sistema_gerenciamento_de_frotas\node_modules\express\lib\response.js:1035:10)
    at ExpressHandlebars.<anonymous> (C:\Users\vidal\Downloads\sistema_gerenciamento_de_frotas\node_modules\express-handlebars\dist\express-handlebars.js:301:25)
    at step (C:\Users\vidal\Downloads\sistema_gerenciamento_de_frotas\node_modules\express-handlebars\dist\express-handlebars.js:49:23)
    at Object.next (C:\Users\vidal\Downloads\sistema_gerenciamento_de_frotas\node_modules\express-handlebars\dist\express-handlebars.js:30:53)
    at fulfilled (C:\Users\vidal\Downloads\sistema_gerenciamento_de_frotas\node_modules\express-handlebars\dist\express-handlebars.js:21:58)
Error [ERR_HTTP_HEADERS_SENT]: Cannot set headers after they are sent to the client
    at new NodeError (node:internal/errors:387:5)
    at ServerResponse.setHeader (node:_http_outgoing:603:11)
    at ServerResponse.header (C:\Users\vidal\Downloads\sistema_gerenciamento_de_frotas\node_modules\express\lib\response.js:794:10)
    at ServerResponse.send (C:\Users\vidal\Downloads\sistema_gerenciamento_de_frotas\node_modules\express\lib\response.js:174:12)
    at done (C:\Users\vidal\Downloads\sistema_gerenciamento_de_frotas\node_modules\express\lib\response.js:1035:10)
    at ExpressHandlebars.<anonymous> (C:\Users\vidal\Downloads\sistema_gerenciamento_de_frotas\node_modules\express-handlebars\dist\express-handlebars.js:301:25)
    at step (C:\Users\vidal\Downloads\sistema_gerenciamento_de_frotas\node_modules\express-handlebars\dist\express-handlebars.js:49:23)
    at Object.next (C:\Users\vidal\Downloads\sistema_gerenciamento_de_frotas\node_modules\express-handlebars\dist\express-handlebars.js:30:53)
    at fulfilled (C:\Users\vidal\Downloads\sistema_gerenciamento_de_frotas\node_modules\express-handlebars\dist\express-handlebars.js:21:58)
Error [ERR_HTTP_HEADERS_SENT]: Cannot set headers after they are sent to the client
    at new NodeError (node:internal/errors:387:5)
    at ServerResponse.setHeader (node:_http_outgoing:603:11)
    at ServerResponse.header (C:\Users\vidal\Downloads\sistema_gerenciamento_de_frotas\node_modules\express\lib\response.js:794:10)
    at ServerResponse.send (C:\Users\vidal\Downloads\sistema_gerenciamento_de_frotas\node_modules\express\lib\response.js:174:12)
    at done (C:\Users\vidal\Downloads\sistema_gerenciamento_de_frotas\node_modules\express\lib\response.js:1035:10)
    at ExpressHandlebars.<anonymous> (C:\Users\vidal\Downloads\sistema_gerenciamento_de_frotas\node_modules\express-handlebars\dist\express-handlebars.js:301:25)
    at step (C:\Users\vidal\Downloads\sistema_gerenciamento_de_frotas\node_modules\express-handlebars\dist\express-handlebars.js:49:23)
    at Object.next (C:\Users\vidal\Downloads\sistema_gerenciamento_de_frotas\node_modules\express-handlebars\dist\express-handlebars.js:30:53)
    at fulfilled (C:\Users\vidal\Downloads\sistema_gerenciamento_de_frotas\node_modules\express-handlebars\dist\express-handlebars.js:21:58)
Error [ERR_HTTP_HEADERS_SENT]: Cannot set headers after they are sent to the client
    at new NodeError (node:internal/errors:387:5)
    at ServerResponse.setHeader (node:_http_outgoing:603:11)
    at ServerResponse.header (C:\Users\vidal\Downloads\sistema_gerenciamento_de_frotas\node_modules\express\lib\response.js:794:10)
    at ServerResponse.send (C:\Users\vidal\Downloads\sistema_gerenciamento_de_frotas\node_modules\express\lib\response.js:174:12)
    at done (C:\Users\vidal\Downloads\sistema_gerenciamento_de_frotas\node_modules\express\lib\response.js:1035:10)
    at ExpressHandlebars.<anonymous> (C:\Users\vidal\Downloads\sistema_gerenciamento_de_frotas\node_modules\express-handlebars\dist\express-handlebars.js:301:25)
    at step (C:\Users\vidal\Downloads\sistema_gerenciamento_de_frotas\node_modules\express-handlebars\dist\express-handlebars.js:49:23)
    at Object.next (C:\Users\vidal\Downloads\sistema_gerenciamento_de_frotas\node_modules\express-handlebars\dist\express-handlebars.js:30:53)
    at fulfilled (C:\Users\vidal\Downloads\sistema_gerenciamento_de_frotas\node_modules\express-handlebars\dist\express-handlebars.js:21:58)
Error [ERR_HTTP_HEADERS_SENT]: Cannot set headers after they are sent to the client
    at new NodeError (node:internal/errors:387:5)
    at ServerResponse.setHeader (node:_http_outgoing:603:11)
    at ServerResponse.header (C:\Users\vidal\Downloads\sistema_gerenciamento_de_frotas\node_modules\express\lib\response.js:794:10)
    at ServerResponse.send (C:\Users\vidal\Downloads\sistema_gerenciamento_de_frotas\node_modules\express\lib\response.js:174:12)
    at done (C:\Users\vidal\Downloads\sistema_gerenciamento_de_frotas\node_modules\express\lib\response.js:1035:10)
    at ExpressHandlebars.<anonymous> (C:\Users\vidal\Downloads\sistema_gerenciamento_de_frotas\node_modules\express-handlebars\dist\express-handlebars.js:301:25)
    at step (C:\Users\vidal\Downloads\sistema_gerenciamento_de_frotas\node_modules\express-handlebars\dist\express-handlebars.js:49:23)
    at Object.next (C:\Users\vidal\Downloads\sistema_gerenciamento_de_frotas\node_modules\express-handlebars\dist\express-handlebars.js:30:53)
    at fulfilled (C:\Users\vidal\Downloads\sistema_gerenciamento_de_frotas\node_modules\express-handlebars\dist\express-handlebars.js:21:58)
Error [ERR_HTTP_HEADERS_SENT]: Cannot set headers after they are sent to the client
    at new NodeError (node:internal/errors:387:5)
    at ServerResponse.setHeader (node:_http_outgoing:603:11)
    at ServerResponse.header (C:\Users\vidal\Downloads\sistema_gerenciamento_de_frotas\node_modules\express\lib\response.js:794:10)
    at ServerResponse.send (C:\Users\vidal\Downloads\sistema_gerenciamento_de_frotas\node_modules\express\lib\response.js:174:12)
    at done (C:\Users\vidal\Downloads\sistema_gerenciamento_de_frotas\node_modules\express\lib\response.js:1035:10)
    at ExpressHandlebars.<anonymous> (C:\Users\vidal\Downloads\sistema_gerenciamento_de_frotas\node_modules\express-handlebars\dist\express-handlebars.js:301:25)
    at step (C:\Users\vidal\Downloads\sistema_gerenciamento_de_frotas\node_modules\express-handlebars\dist\express-handlebars.js:49:23)
    at Object.next (C:\Users\vidal\Downloads\sistema_gerenciamento_de_frotas\node_modules\express-handlebars\dist\express-handlebars.js:30:53)
    at fulfilled (C:\Users\vidal\Downloads\sistema_gerenciamento_de_frotas\node_modules\express-handlebars\dist\express-handlebars.js:21:58)
Error [ERR_HTTP_HEADERS_SENT]: Cannot set headers after they are sent to the client
    at new NodeError (node:internal/errors:387:5)
    at ServerResponse.setHeader (node:_http_outgoing:603:11)
    at ServerResponse.header (C:\Users\vidal\Downloads\sistema_gerenciamento_de_frotas\node_modules\express\lib\response.js:794:10)
    at ServerResponse.send (C:\Users\vidal\Downloads\sistema_gerenciamento_de_frotas\node_modules\express\lib\response.js:174:12)
    at done (C:\Users\vidal\Downloads\sistema_gerenciamento_de_frotas\node_modules\express\lib\response.js:1035:10)
    at ExpressHandlebars.<anonymous> (C:\Users\vidal\Downloads\sistema_gerenciamento_de_frotas\node_modules\express-handlebars\dist\express-handlebars.js:301:25)
    at step (C:\Users\vidal\Downloads\sistema_gerenciamento_de_frotas\node_modules\express-handlebars\dist\express-handlebars.js:49:23)
    at Object.next (C:\Users\vidal\Downloads\sistema_gerenciamento_de_frotas\node_modules\express-handlebars\dist\express-handlebars.js:30:53)
    at fulfilled (C:\Users\vidal\Downloads\sistema_gerenciamento_de_frotas\node_modules\express-handlebars\dist\express-handlebars.js:21:58)
Error [ERR_HTTP_HEADERS_SENT]: Cannot set headers after they are sent to the client
    at new NodeError (node:internal/errors:387:5)
    at ServerResponse.setHeader (node:_http_outgoing:603:11)
    at ServerResponse.header (C:\Users\vidal\Downloads\sistema_gerenciamento_de_frotas\node_modules\express\lib\response.js:794:10)
    at ServerResponse.send (C:\Users\vidal\Downloads\sistema_gerenciamento_de_frotas\node_modules\express\lib\response.js:174:12)
    at done (C:\Users\vidal\Downloads\sistema_gerenciamento_de_frotas\node_modules\express\lib\response.js:1035:10)
    at ExpressHandlebars.<anonymous> (C:\Users\vidal\Downloads\sistema_gerenciamento_de_frotas\node_modules\express-handlebars\dist\express-handlebars.js:301:25)
    at step (C:\Users\vidal\Downloads\sistema_gerenciamento_de_frotas\node_modules\express-handlebars\dist\express-handlebars.js:49:23)
    at Object.next (C:\Users\vidal\Downloads\sistema_gerenciamento_de_frotas\node_modules\express-handlebars\dist\express-handlebars.js:30:53)
    at fulfilled (C:\Users\vidal\Downloads\sistema_gerenciamento_de_frotas\node_modules\express-handlebars\dist\express-handlebars.js:21:58)
Error [ERR_HTTP_HEADERS_SENT]: Cannot set headers after they are sent to the client
    at new NodeError (node:internal/errors:387:5)
    at ServerResponse.setHeader (node:_http_outgoing:603:11)
    at ServerResponse.header (C:\Users\vidal\Downloads\sistema_gerenciamento_de_frotas\node_modules\express\lib\response.js:794:10)
    at ServerResponse.send (C:\Users\vidal\Downloads\sistema_gerenciamento_de_frotas\node_modules\express\lib\response.js:174:12)
    at done (C:\Users\vidal\Downloads\sistema_gerenciamento_de_frotas\node_modules\express\lib\response.js:1035:10)
    at ExpressHandlebars.<anonymous> (C:\Users\vidal\Downloads\sistema_gerenciamento_de_frotas\node_modules\express-handlebars\dist\express-handlebars.js:301:25)
    at step (C:\Users\vidal\Downloads\sistema_gerenciamento_de_frotas\node_modules\express-handlebars\dist\express-handlebars.js:49:23)
    at Object.next (C:\Users\vidal\Downloads\sistema_gerenciamento_de_frotas\node_modules\express-handlebars\dist\express-handlebars.js:30:53)
    at fulfilled (C:\Users\vidal\Downloads\sistema_gerenciamento_de_frotas\node_modules\express-handlebars\dist\express-handlebars.js:21:58)
Error [ERR_HTTP_HEADERS_SENT]: Cannot set headers after they are sent to the client
    at new NodeError (node:internal/errors:387:5)
    at ServerResponse.setHeader (node:_http_outgoing:603:11)
    at ServerResponse.header (C:\Users\vidal\Downloads\sistema_gerenciamento_de_frotas\node_modules\express\lib\response.js:794:10)
    at ServerResponse.send (C:\Users\vidal\Downloads\sistema_gerenciamento_de_frotas\node_modules\express\lib\response.js:174:12)
    at done (C:\Users\vidal\Downloads\sistema_gerenciamento_de_frotas\node_modules\express\lib\response.js:1035:10)
    at ExpressHandlebars.<anonymous> (C:\Users\vidal\Downloads\sistema_gerenciamento_de_frotas\node_modules\express-handlebars\dist\express-handlebars.js:301:25)
    at step (C:\Users\vidal\Downloads\sistema_gerenciamento_de_frotas\node_modules\express-handlebars\dist\express-handlebars.js:49:23)
    at Object.next (C:\Users\vidal\Downloads\sistema_gerenciamento_de_frotas\node_modules\express-handlebars\dist\express-handlebars.js:30:53)
    at fulfilled (C:\Users\vidal\Downloads\sistema_gerenciamento_de_frotas\node_modules\express-handlebars\dist\express-handlebars.js:21:58)
Error [ERR_HTTP_HEADERS_SENT]: Cannot set headers after they are sent to the client
    at new NodeError (node:internal/errors:387:5)
    at ServerResponse.setHeader (node:_http_outgoing:603:11)
    at ServerResponse.header (C:\Users\vidal\Downloads\sistema_gerenciamento_de_frotas\node_modules\express\lib\response.js:794:10)
    at ServerResponse.send (C:\Users\vidal\Downloads\sistema_gerenciamento_de_frotas\node_modules\express\lib\response.js:174:12)
    at done (C:\Users\vidal\Downloads\sistema_gerenciamento_de_frotas\node_modules\express\lib\response.js:1035:10)
    at ExpressHandlebars.<anonymous> (C:\Users\vidal\Downloads\sistema_gerenciamento_de_frotas\node_modules\express-handlebars\dist\express-handlebars.js:301:25)
    at step (C:\Users\vidal\Downloads\sistema_gerenciamento_de_frotas\node_modules\express-handlebars\dist\express-handlebars.js:49:23)
    at Object.next (C:\Users\vidal\Downloads\sistema_gerenciamento_de_frotas\node_modules\express-handlebars\dist\express-handlebars.js:30:53)
    at fulfilled (C:\Users\vidal\Downloads\sistema_gerenciamento_de_frotas\node_modules\express-handlebars\dist\express-handlebars.js:21:58)
Error [ERR_HTTP_HEADERS_SENT]: Cannot set headers after they are sent to the client
    at new NodeError (node:internal/errors:387:5)
    at ServerResponse.setHeader (node:_http_outgoing:603:11)
    at ServerResponse.header (C:\Users\vidal\Downloads\sistema_gerenciamento_de_frotas\node_modules\express\lib\response.js:794:10)
    at ServerResponse.send (C:\Users\vidal\Downloads\sistema_gerenciamento_de_frotas\node_modules\express\lib\response.js:174:12)
    at done (C:\Users\vidal\Downloads\sistema_gerenciamento_de_frotas\node_modules\express\lib\response.js:1035:10)
    at ExpressHandlebars.<anonymous> (C:\Users\vidal\Downloads\sistema_gerenciamento_de_frotas\node_modules\express-handlebars\dist\express-handlebars.js:301:25)
    at step (C:\Users\vidal\Downloads\sistema_gerenciamento_de_frotas\node_modules\express-handlebars\dist\express-handlebars.js:49:23)
    at Object.next (C:\Users\vidal\Downloads\sistema_gerenciamento_de_frotas\node_modules\express-handlebars\dist\express-handlebars.js:30:53)
    at fulfilled (C:\Users\vidal\Downloads\sistema_gerenciamento_de_frotas\node_modules\express-handlebars\dist\express-handlebars.js:21:58)
Error [ERR_HTTP_HEADERS_SENT]: Cannot set headers after they are sent to the client
    at new NodeError (node:internal/errors:387:5)
    at ServerResponse.setHeader (node:_http_outgoing:603:11)
    at ServerResponse.header (C:\Users\vidal\Downloads\sistema_gerenciamento_de_frotas\node_modules\express\lib\response.js:794:10)
    at ServerResponse.send (C:\Users\vidal\Downloads\sistema_gerenciamento_de_frotas\node_modules\express\lib\response.js:174:12)
    at done (C:\Users\vidal\Downloads\sistema_gerenciamento_de_frotas\node_modules\express\lib\response.js:1035:10)
    at ExpressHandlebars.<anonymous> (C:\Users\vidal\Downloads\sistema_gerenciamento_de_frotas\node_modules\express-handlebars\dist\express-handlebars.js:301:25)
    at step (C:\Users\vidal\Downloads\sistema_gerenciamento_de_frotas\node_modules\express-handlebars\dist\express-handlebars.js:49:23)
    at Object.next (C:\Users\vidal\Downloads\sistema_gerenciamento_de_frotas\node_modules\express-handlebars\dist\express-handlebars.js:30:53)
    at fulfilled (C:\Users\vidal\Downloads\sistema_gerenciamento_de_frotas\node_modules\express-handlebars\dist\express-handlebars.js:21:58)
Error [ERR_HTTP_HEADERS_SENT]: Cannot set headers after they are sent to the client
    at new NodeError (node:internal/errors:387:5)
    at ServerResponse.setHeader (node:_http_outgoing:603:11)
    at ServerResponse.header (C:\Users\vidal\Downloads\sistema_gerenciamento_de_frotas\node_modules\express\lib\response.js:794:10)
    at ServerResponse.send (C:\Users\vidal\Downloads\sistema_gerenciamento_de_frotas\node_modules\express\lib\response.js:174:12)
    at done (C:\Users\vidal\Downloads\sistema_gerenciamento_de_frotas\node_modules\express\lib\response.js:1035:10)
    at ExpressHandlebars.<anonymous> (C:\Users\vidal\Downloads\sistema_gerenciamento_de_frotas\node_modules\express-handlebars\dist\express-handlebars.js:301:25)
    at step (C:\Users\vidal\Downloads\sistema_gerenciamento_de_frotas\node_modules\express-handlebars\dist\express-handlebars.js:49:23)
    at Object.next (C:\Users\vidal\Downloads\sistema_gerenciamento_de_frotas\node_modules\express-handlebars\dist\express-handlebars.js:30:53)
    at fulfilled (C:\Users\vidal\Downloads\sistema_gerenciamento_de_frotas\node_modules\express-handlebars\dist\express-handlebars.js:21:58)
Error [ERR_HTTP_HEADERS_SENT]: Cannot set headers after they are sent to the client
    at new NodeError (node:internal/errors:387:5)
    at ServerResponse.setHeader (node:_http_outgoing:603:11)
    at ServerResponse.header (C:\Users\vidal\Downloads\sistema_gerenciamento_de_frotas\node_modules\express\lib\response.js:794:10)
    at ServerResponse.send (C:\Users\vidal\Downloads\sistema_gerenciamento_de_frotas\node_modules\express\lib\response.js:174:12)
    at done (C:\Users\vidal\Downloads\sistema_gerenciamento_de_frotas\node_modules\express\lib\response.js:1035:10)
    at ExpressHandlebars.<anonymous> (C:\Users\vidal\Downloads\sistema_gerenciamento_de_frotas\node_modules\express-handlebars\dist\express-handlebars.js:301:25)
    at step (C:\Users\vidal\Downloads\sistema_gerenciamento_de_frotas\node_modules\express-handlebars\dist\express-handlebars.js:49:23)
    at Object.next (C:\Users\vidal\Downloads\sistema_gerenciamento_de_frotas\node_modules\express-handlebars\dist\express-handlebars.js:30:53)
    at fulfilled (C:\Users\vidal\Downloads\sistema_gerenciamento_de_frotas\node_modules\express-handlebars\dist\express-handlebars.js:21:58)
Error [ERR_HTTP_HEADERS_SENT]: Cannot set headers after they are sent to the client
    at new NodeError (node:internal/errors:387:5)
    at ServerResponse.setHeader (node:_http_outgoing:603:11)
    at ServerResponse.header (C:\Users\vidal\Downloads\sistema_gerenciamento_de_frotas\node_modules\express\lib\response.js:794:10)
    at ServerResponse.send (C:\Users\vidal\Downloads\sistema_gerenciamento_de_frotas\node_modules\express\lib\response.js:174:12)
    at done (C:\Users\vidal\Downloads\sistema_gerenciamento_de_frotas\node_modules\express\lib\response.js:1035:10)
    at ExpressHandlebars.<anonymous> (C:\Users\vidal\Downloads\sistema_gerenciamento_de_frotas\node_modules\express-handlebars\dist\express-handlebars.js:301:25)
    at step (C:\Users\vidal\Downloads\sistema_gerenciamento_de_frotas\node_modules\express-handlebars\dist\express-handlebars.js:49:23)
    at Object.next (C:\Users\vidal\Downloads\sistema_gerenciamento_de_frotas\node_modules\express-handlebars\dist\express-handlebars.js:30:53)
    at fulfilled (C:\Users\vidal\Downloads\sistema_gerenciamento_de_frotas\node_modules\express-handlebars\dist\express-handlebars.js:21:58)
Error [ERR_HTTP_HEADERS_SENT]: Cannot set headers after they are sent to the client
    at new NodeError (node:internal/errors:387:5)
    at ServerResponse.setHeader (node:_http_outgoing:603:11)
    at ServerResponse.header (C:\Users\vidal\Downloads\sistema_gerenciamento_de_frotas\node_modules\express\lib\response.js:794:10)
    at ServerResponse.send (C:\Users\vidal\Downloads\sistema_gerenciamento_de_frotas\node_modules\express\lib\response.js:174:12)
    at done (C:\Users\vidal\Downloads\sistema_gerenciamento_de_frotas\node_modules\express\lib\response.js:1035:10)
    at ExpressHandlebars.<anonymous> (C:\Users\vidal\Downloads\sistema_gerenciamento_de_frotas\node_modules\express-handlebars\dist\express-handlebars.js:301:25)
    at step (C:\Users\vidal\Downloads\sistema_gerenciamento_de_frotas\node_modules\express-handlebars\dist\express-handlebars.js:49:23)
    at Object.next (C:\Users\vidal\Downloads\sistema_gerenciamento_de_frotas\node_modules\express-handlebars\dist\express-handlebars.js:30:53)
    at fulfilled (C:\Users\vidal\Downloads\sistema_gerenciamento_de_frotas\node_modules\express-handlebars\dist\express-handlebars.js:21:58)
